<?xml version="1.0" encoding="UTF-8"?>
<!-- Generated by org.testng.reporters.JUnitReportReporter -->
<testsuite hostname="LAPTOP-EOLECET9" failures="0" tests="1" name="regression.ValidateLogin" time="3.332" errors="0" timestamp="2024-11-04T11:22:30 IST" skipped="0">
  <testcase classname="regression.ValidateLogin" name="ValidateLoginTest" time="3.332"/>
  <system-out/>
</testsuite> <!-- regression.ValidateLogin -->
